Arguments: 
  C:\Program Files\nodejs\node.exe C:\Users\wjatj\AppData\Roaming\npm\node_modules\yarn\bin\yarn.js init

PATH: 
  C:\Program Files\Git\mingw64\bin;C:\Program Files\Git\usr\bin;C:\Users\wjatj\bin;C:\Program Files\Microsoft MPI\Bin;C:\windows\system32;C:\windows;C:\windows\System32\Wbem;C:\windows\System32\WindowsPowerShell\v1.0;C:\Program Files (x86)\NVIDIA Corporation\PhysX\Common;C:\Program Files\Microsoft VS Code\bin;C:\WINDOWS\system32;C:\WINDOWS;C:\WINDOWS\System32\Wbem;C:\WINDOWS\System32\WindowsPowerShell\v1.0;C:\WINDOWS\System32\OpenSSH;C:\Program Files\Microsoft SQL Server\Client SDK\ODBC\170\Tools\Binn;C:\Program Files (x86)\Microsoft SQL Server\150\Tools\Binn;C:\Program Files\Microsoft SQL Server\150\Tools\Binn;C:\Program Files\Microsoft SQL Server\150\DTS\Binn;C:\Program Files\TortoiseSVN\bin;C:\Program Files\VisualSVN Server\bin;C:\Program Files (x86)\Microsoft SQL Server\150\DTS\Binn;C:\Program Files\Microsoft SQL Server\130\Tools\Binn;C:\Program Files (x86)\Devart\EntityDeveloper\Console;C:\Program Files\dotnet;C:\Program Files\nodejs;C:\Program Files\Microsoft\Web Platform Installer;C:\Program Files\Azure Data Studio\bin;C:\Program Files\TortoiseGit\bin;C:\Program Files\Git\cmd;C:\Program Files\Docker\Docker\resources\bin;C:\ProgramData\DockerDesktop\version-bin;C:\ProgramData\chocolatey\bin;C:\Program Files (x86)\Windows Kits\10\Windows Performance Toolkit;C:\Program Files (x86)\Intel\Intel(R) Management Engine Components\DAL;C:\Program Files\Intel\Intel(R) Management Engine Components\DAL;C:\Users\wjatj\AppData\Local\Microsoft\WindowsApps;C:\Users\wjatj\AppData\Local\Programs\Fiddler;C:\Program Files (x86)\FAHClient;C:\Program Files (x86)\Devart\EntityDeveloper\Console;C:\Users\wjatj\.dotnet\tools;C:\Users\wjatj\.deno\bin;C:\Users\wjatj\AppData\Roaming\npm;C:\Users\wjatj\.dotnet\tools;C:\Program Files (x86)\Sophos\Sophos SSL VPN Client\bin;C:\Program Files\Azure Data Studio\bin;C:\Users\wjatj\AppData\Local\GitHubDesktop\bin

Yarn version: 
  1.22.10

Node version: 
  15.0.0

Platform: 
  win32 x64

Trace: 
  Error: canceled
      at Interface.<anonymous> (C:\Users\wjatj\AppData\Roaming\npm\node_modules\yarn\lib\cli.js:136216:13)
      at Interface.emit (node:events:327:20)
      at Interface._ttyWrite (node:readline:875:16)
      at ReadStream.onkeypress (node:readline:213:10)
      at ReadStream.emit (node:events:327:20)
      at emitKeys (node:internal/readline/utils:345:14)
      at emitKeys.next (<anonymous>)
      at ReadStream.onData (node:readline:1144:36)
      at ReadStream.emit (node:events:327:20)
      at addChunk (node:internal/streams/readable:304:12)

npm manifest: 
  No manifest

yarn manifest: 
  No manifest

Lockfile: 
  # THIS IS AN AUTOGENERATED FILE. DO NOT EDIT THIS FILE DIRECTLY.
  # yarn lockfile v1
